2021-12-03 19:24:05 - INFO - "GET / HTTP/1.1" 200 1219
2021-12-03 19:24:05 - INFO - "GET /static/style.css HTTP/1.1" 200 648
2021-12-03 19:25:52 - INFO - "GET / HTTP/1.1" 200 1219
2021-12-03 19:25:52 - INFO - "GET /static/style.css HTTP/1.1" 304 0
2021-12-03 19:25:52 - WARNING - "GET /bird HTTP/1.1" 404 1536
2021-12-03 19:25:52 - WARNING - "GET /blog HTTP/1.1" 404 1536
2021-12-03 19:26:23 - INFO - "GET /blog HTTP/1.1" 200 493
2021-12-03 19:26:23 - INFO - "GET /blog HTTP/1.1" 200 493
2021-12-03 19:31:40 - INFO - "GET /blog HTTP/1.1" 200 493
2021-12-03 19:31:40 - INFO - "POST /blog HTTP/1.1" 200 135
2021-12-03 19:31:40 - INFO - "GET /blog HTTP/1.1" 200 630
2021-12-03 19:35:33 - INFO - "GET /blog/4 HTTP/1.1" 200 135
2021-12-03 19:35:33 - WARNING - "PUT /blog/4 HTTP/1.1" 404 1536
2021-12-03 19:37:14 - INFO - "PUT /blog/4 HTTP/1.1" 200 179
2021-12-03 19:37:14 - INFO - "GET /blog HTTP/1.1" 200 672
2021-12-03 19:38:43 - INFO - "POST /blog HTTP/1.1" 200 161
2021-12-03 19:38:43 - INFO - "GET /blog HTTP/1.1" 200 835
2021-12-03 19:38:43 - INFO - "GET /blog HTTP/1.1" 200 835
2021-12-03 19:38:43 - INFO - "PUT /blog/5 HTTP/1.1" 200 181
2021-12-03 19:38:43 - INFO - "GET /blog HTTP/1.1" 200 853
2021-12-03 19:38:43 - INFO - "GET /blog HTTP/1.1" 200 853
2021-12-03 19:38:43 - WARNING - "DELETE /blog/5 HTTP/1.1" 404 1536
2021-12-03 19:40:43 - ERROR - AttributeError in /Users/matthewlaude/development 👾/SEIR_penguin/masonite_blog/backend/app/http/controllers/BlogController.py on line 50
2021-12-03 19:40:43 - ERROR - "DELETE /blog/5 HTTP/1.1" 500 1048174
2021-12-03 19:41:18 - ERROR - AttributeError in /Users/matthewlaude/development 👾/SEIR_penguin/masonite_blog/backend/app/http/controllers/BlogController.py on line 50
2021-12-03 19:41:18 - ERROR - "DELETE /blog/5 HTTP/1.1" 500 1048174
2021-12-03 19:41:58 - INFO - "DELETE /blog/5 HTTP/1.1" 200 176
2021-12-03 19:41:58 - INFO - "GET /blog HTTP/1.1" 200 672
2021-12-03 19:41:58 - INFO - "GET /blog HTTP/1.1" 200 672
2021-12-03 19:41:58 - INFO - "POST /blog HTTP/1.1" 200 174
2021-12-03 19:41:58 - INFO - "GET /blog HTTP/1.1" 200 848
2021-12-03 19:41:58 - INFO - "GET /blog HTTP/1.1" 200 848
2021-12-03 19:41:58 - INFO - "DELETE /blog/5 HTTP/1.1" 200 176
2021-12-03 19:41:58 - INFO - "GET /blog HTTP/1.1" 200 672
2021-12-03 19:41:58 - INFO - "GET /blog HTTP/1.1" 200 672
2021-12-03 19:41:58 - INFO - "POST /blog HTTP/1.1" 200 174
2021-12-03 19:41:58 - INFO - "GET /blog HTTP/1.1" 200 848
2021-12-03 19:41:58 - INFO - "GET /blog HTTP/1.1" 200 848
2021-12-03 19:41:58 - INFO - "DELETE /blog/5 HTTP/1.1" 200 176
2021-12-03 19:41:58 - INFO - "GET /blog HTTP/1.1" 200 672
